# JRE version: OpenJDK Runtime Environment Microsoft-11926163 (17.0.16+8) (build 17.0.16+8-LTS)
# Java VM: OpenJDK 64-Bit Server VM Microsoft-11926163 (17.0.16+8-LTS, mixed mode, sharing, tiered, compressed oops, compressed class ptrs, g1 gc, windows-amd64)
GC Precious Log:
 CPUs: 8 total, 8 available
 Memory: 8103M
 Large Page Support: Disabled
 NUMA Support: Disabled
 Compressed Oops: Enabled (32-bit)
 Heap Region Size: 1M
 Heap Min Capacity: 8M
 Heap Initial Capacity: 128M
 Heap Max Capacity: 2026M
 Pre-touch: Disabled
 Parallel Workers: 8
 Concurrent Workers: 2
 Concurrent Refinement Workers: 8
 Periodic GC: Disabled
Heap:
 garbage-first heap   total 197632K, used 139577K [0x0000000081600000, 0x0000000100000000)
  region size 1024K, 4 young (4096K), 4 survivors (4096K)
 Metaspace       used 66816K, committed 67072K, reserved 1114112K
  class space    used 7244K, committed 7360K, reserved 1048576K
GC Heap History (20 events):
Event: 19.391 GC heap after
{Heap after GC invocations=30 (full 0):
 garbage-first heap   total 197632K, used 85281K [0x0000000081600000, 0x0000000100000000)
  region size 1024K, 3 young (3072K), 3 survivors (3072K)
 Metaspace       used 58349K, committed 58624K, reserved 1114112K
  class space    used 6657K, committed 6784K, reserved 1048576K
}
Event: 21.493 GC heap before
{Heap before GC invocations=31 (full 0):
 garbage-first heap   total 197632K, used 143649K [0x0000000081600000, 0x0000000100000000)
  region size 1024K, 60 young (61440K), 3 survivors (3072K)
 Metaspace       used 59057K, committed 59328K, reserved 1114112K
  class space    used 6673K, committed 6784K, reserved 1048576K
}
Event: 21.506 GC heap after
{Heap after GC invocations=32 (full 0):
 garbage-first heap   total 197632K, used 92730K [0x0000000081600000, 0x0000000100000000)
  region size 1024K, 8 young (8192K), 8 survivors (8192K)
 Metaspace       used 59057K, committed 59328K, reserved 1114112K
  class space    used 6673K, committed 6784K, reserved 1048576K
}
Event: 21.529 GC heap before
{Heap before GC invocations=32 (full 0):
 garbage-first heap   total 197632K, used 93754K [0x0000000081600000, 0x0000000100000000)
  region size 1024K, 9 young (9216K), 8 survivors (8192K)
 Metaspace       used 59077K, committed 59328K, reserved 1114112K
  class space    used 6673K, committed 6784K, reserved 1048576K
}
Event: 21.537 GC heap after
{Heap after GC invocations=33 (full 0):
 garbage-first heap   total 197632K, used 93486K [0x0000000081600000, 0x0000000100000000)
  region size 1024K, 2 young (2048K), 2 survivors (2048K)
 Metaspace       used 59077K, committed 59328K, reserved 1114112K
  class space    used 6673K, committed 6784K, reserved 1048576K
}
Event: 23.213 GC heap before
{Heap before GC invocations=33 (full 0):
 garbage-first heap   total 197632K, used 149806K [0x0000000081600000, 0x0000000100000000)
  region size 1024K, 57 young (58368K), 2 survivors (2048K)
 Metaspace       used 59705K, committed 59968K, reserved 1114112K
  class space    used 6703K, committed 6848K, reserved 1048576K
}
Event: 23.220 GC heap after
{Heap after GC invocations=34 (full 0):
 garbage-first heap   total 197632K, used 95546K [0x0000000081600000, 0x0000000100000000)
  region size 1024K, 4 young (4096K), 4 survivors (4096K)
 Metaspace       used 59705K, committed 59968K, reserved 1114112K
  class space    used 6703K, committed 6848K, reserved 1048576K
}
Event: 24.962 GC heap before
{Heap before GC invocations=34 (full 0):
 garbage-first heap   total 197632K, used 154938K [0x0000000081600000, 0x0000000100000000)
  region size 1024K, 62 young (63488K), 4 survivors (4096K)
 Metaspace       used 60276K, committed 60608K, reserved 1114112K
  class space    used 6748K, committed 6912K, reserved 1048576K
}
Event: 24.977 GC heap after
{Heap after GC invocations=35 (full 0):
 garbage-first heap   total 197632K, used 103681K [0x0000000081600000, 0x0000000100000000)
  region size 1024K, 8 young (8192K), 8 survivors (8192K)
 Metaspace       used 60276K, committed 60608K, reserved 1114112K
  class space    used 6748K, committed 6912K, reserved 1048576K
}
Event: 27.697 GC heap before
{Heap before GC invocations=35 (full 0):
 garbage-first heap   total 197632K, used 155905K [0x0000000081600000, 0x0000000100000000)
  region size 1024K, 59 young (60416K), 8 survivors (8192K)
 Metaspace       used 64140K, committed 64448K, reserved 1114112K
  class space    used 7029K, committed 7168K, reserved 1048576K
}
Event: 27.710 GC heap after
{Heap after GC invocations=36 (full 0):
 garbage-first heap   total 197632K, used 107756K [0x0000000081600000, 0x0000000100000000)
  region size 1024K, 4 young (4096K), 4 survivors (4096K)
 Metaspace       used 64140K, committed 64448K, reserved 1114112K
  class space    used 7029K, committed 7168K, reserved 1048576K
}
Event: 29.384 GC heap before
{Heap before GC invocations=36 (full 0):
 garbage-first heap   total 197632K, used 158956K [0x0000000081600000, 0x0000000100000000)
  region size 1024K, 54 young (55296K), 4 survivors (4096K)
 Metaspace       used 64750K, committed 65024K, reserved 1114112K
  class space    used 7063K, committed 7168K, reserved 1048576K
}
Event: 29.399 GC heap after
{Heap after GC invocations=37 (full 0):
 garbage-first heap   total 197632K, used 112640K [0x0000000081600000, 0x0000000100000000)
  region size 1024K, 7 young (7168K), 7 survivors (7168K)
 Metaspace       used 64750K, committed 65024K, reserved 1114112K
  class space    used 7063K, committed 7168K, reserved 1048576K
}
Event: 29.897 GC heap before
{Heap before GC invocations=37 (full 0):
 garbage-first heap   total 197632K, used 160768K [0x0000000081600000, 0x0000000100000000)
  region size 1024K, 54 young (55296K), 7 survivors (7168K)
 Metaspace       used 64859K, committed 65088K, reserved 1114112K
  class space    used 7066K, committed 7168K, reserved 1048576K
}
Event: 29.918 GC heap after
{Heap after GC invocations=38 (full 0):
 garbage-first heap   total 197632K, used 121782K [0x0000000081600000, 0x0000000100000000)
  region size 1024K, 7 young (7168K), 7 survivors (7168K)
 Metaspace       used 64859K, committed 65088K, reserved 1114112K
  class space    used 7066K, committed 7168K, reserved 1048576K
}
Event: 30.335 GC heap before
{Heap before GC invocations=38 (full 0):
 garbage-first heap   total 197632K, used 160694K [0x0000000081600000, 0x0000000100000000)
  region size 1024K, 45 young (46080K), 7 survivors (7168K)
 Metaspace       used 64968K, committed 65280K, reserved 1114112K
  class space    used 7069K, committed 7232K, reserved 1048576K
}
Event: 30.352 GC heap after
{Heap after GC invocations=39 (full 0):
 garbage-first heap   total 197632K, used 129024K [0x0000000081600000, 0x0000000100000000)
  region size 1024K, 6 young (6144K), 6 survivors (6144K)
 Metaspace       used 64968K, committed 65280K, reserved 1114112K
  class space    used 7069K, committed 7232K, reserved 1048576K
}
Event: 30.761 GC heap before
{Heap before GC invocations=39 (full 0):
 garbage-first heap   total 197632K, used 161792K [0x0000000081600000, 0x0000000100000000)
  region size 1024K, 38 young (38912K), 6 survivors (6144K)
 Metaspace       used 65047K, committed 65344K, reserved 1114112K
  class space    used 7069K, committed 7232K, reserved 1048576K
}
Event: 30.773 GC heap after
{Heap after GC invocations=40 (full 0):
 garbage-first heap   total 197632K, used 134886K [0x0000000081600000, 0x0000000100000000)
  region size 1024K, 5 young (5120K), 5 survivors (5120K)
 Metaspace       used 65047K, committed 65344K, reserved 1114112K
  class space    used 7069K, committed 7232K, reserved 1048576K
}
Event: 31.216 GC heap before
{Heap before GC invocations=40 (full 0):
 garbage-first heap   total 197632K, used 163558K [0x0000000081600000, 0x0000000100000000)
  region size 1024K, 33 young (33792K), 5 survivors (5120K)
 Metaspace       used 66816K, committed 67072K, reserved 1114112K
  class space    used 7244K, committed 7360K, reserved 1048576K
}

