# JRE version: OpenJDK Runtime Environment Microsoft-11926163 (17.0.16+8) (build 17.0.16+8-LTS)
# Java VM: OpenJDK 64-Bit Server VM Microsoft-11926163 (17.0.16+8-LTS, mixed mode, sharing, tiered, compressed oops, compressed class ptrs, g1 gc, windows-amd64)
GC Precious Log:
 CPUs: 8 total, 8 available
 Memory: 8103M
 Large Page Support: Disabled
 NUMA Support: Disabled
 Compressed Oops: Enabled (32-bit)
 Heap Region Size: 1M
 Heap Min Capacity: 8M
 Heap Initial Capacity: 128M
 Heap Max Capacity: 2G
 Pre-touch: Disabled
 Parallel Workers: 8
 Concurrent Workers: 2
 Concurrent Refinement Workers: 8
 Periodic GC: Disabled
Heap:
 garbage-first heap   total 405504K, used 311494K [0x0000000080000000, 0x0000000100000000)
  region size 1024K, 51 young (52224K), 7 survivors (7168K)
 Metaspace       used 151681K, committed 153280K, reserved 622592K
  class space    used 20397K, committed 21120K, reserved 425984K
GC Heap History (20 events):
Event: 117.978 GC heap before
{Heap before GC invocations=75 (full 0):
 garbage-first heap   total 405504K, used 359664K [0x0000000080000000, 0x0000000100000000)
  region size 1024K, 115 young (117760K), 3 survivors (3072K)
 Metaspace       used 150092K, committed 151680K, reserved 557056K
  class space    used 20268K, committed 20992K, reserved 425984K
}
Event: 117.989 GC heap after
{Heap after GC invocations=76 (full 0):
 garbage-first heap   total 405504K, used 249199K [0x0000000080000000, 0x0000000100000000)
  region size 1024K, 11 young (11264K), 11 survivors (11264K)
 Metaspace       used 150092K, committed 151680K, reserved 557056K
  class space    used 20268K, committed 20992K, reserved 425984K
}
Event: 121.020 GC heap before
{Heap before GC invocations=76 (full 0):
 garbage-first heap   total 405504K, used 347503K [0x0000000080000000, 0x0000000100000000)
  region size 1024K, 108 young (110592K), 11 survivors (11264K)
 Metaspace       used 151115K, committed 152640K, reserved 622592K
  class space    used 20374K, committed 21120K, reserved 425984K
}
Event: 121.036 GC heap after
{Heap after GC invocations=77 (full 0):
 garbage-first heap   total 405504K, used 255787K [0x0000000080000000, 0x0000000100000000)
  region size 1024K, 10 young (10240K), 10 survivors (10240K)
 Metaspace       used 151115K, committed 152640K, reserved 622592K
  class space    used 20374K, committed 21120K, reserved 425984K
}
Event: 121.769 GC heap before
{Heap before GC invocations=77 (full 0):
 garbage-first heap   total 405504K, used 344875K [0x0000000080000000, 0x0000000100000000)
  region size 1024K, 98 young (100352K), 10 survivors (10240K)
 Metaspace       used 151202K, committed 152768K, reserved 622592K
  class space    used 20376K, committed 21120K, reserved 425984K
}
Event: 121.780 GC heap after
{Heap after GC invocations=78 (full 0):
 garbage-first heap   total 405504K, used 261898K [0x0000000080000000, 0x0000000100000000)
  region size 1024K, 7 young (7168K), 7 survivors (7168K)
 Metaspace       used 151202K, committed 152768K, reserved 622592K
  class space    used 20376K, committed 21120K, reserved 425984K
}
Event: 123.306 GC heap before
{Heap before GC invocations=78 (full 0):
 garbage-first heap   total 405504K, used 343818K [0x0000000080000000, 0x0000000100000000)
  region size 1024K, 88 young (90112K), 7 survivors (7168K)
 Metaspace       used 151217K, committed 152768K, reserved 622592K
  class space    used 20376K, committed 21120K, reserved 425984K
}
Event: 123.312 GC heap after
{Heap after GC invocations=79 (full 0):
 garbage-first heap   total 405504K, used 262549K [0x0000000080000000, 0x0000000100000000)
  region size 1024K, 1 young (1024K), 1 survivors (1024K)
 Metaspace       used 151217K, committed 152768K, reserved 622592K
  class space    used 20376K, committed 21120K, reserved 425984K
}
Event: 124.803 GC heap before
{Heap before GC invocations=79 (full 0):
 garbage-first heap   total 405504K, used 348565K [0x0000000080000000, 0x0000000100000000)
  region size 1024K, 85 young (87040K), 1 survivors (1024K)
 Metaspace       used 151248K, committed 152768K, reserved 622592K
  class space    used 20378K, committed 21120K, reserved 425984K
}
Event: 124.807 GC heap after
{Heap after GC invocations=80 (full 0):
 garbage-first heap   total 405504K, used 262465K [0x0000000080000000, 0x0000000100000000)
  region size 1024K, 1 young (1024K), 1 survivors (1024K)
 Metaspace       used 151248K, committed 152768K, reserved 622592K
  class space    used 20378K, committed 21120K, reserved 425984K
}
Event: 126.008 GC heap before
{Heap before GC invocations=80 (full 0):
 garbage-first heap   total 405504K, used 351553K [0x0000000080000000, 0x0000000100000000)
  region size 1024K, 88 young (90112K), 1 survivors (1024K)
 Metaspace       used 151255K, committed 152768K, reserved 622592K
  class space    used 20380K, committed 21120K, reserved 425984K
}
Event: 126.013 GC heap after
{Heap after GC invocations=81 (full 0):
 garbage-first heap   total 405504K, used 263079K [0x0000000080000000, 0x0000000100000000)
  region size 1024K, 2 young (2048K), 2 survivors (2048K)
 Metaspace       used 151255K, committed 152768K, reserved 622592K
  class space    used 20380K, committed 21120K, reserved 425984K
}
Event: 127.847 GC heap before
{Heap before GC invocations=81 (full 0):
 garbage-first heap   total 405504K, used 353191K [0x0000000080000000, 0x0000000100000000)
  region size 1024K, 90 young (92160K), 2 survivors (2048K)
 Metaspace       used 151270K, committed 152832K, reserved 622592K
  class space    used 20380K, committed 21120K, reserved 425984K
}
Event: 127.851 GC heap after
{Heap after GC invocations=82 (full 0):
 garbage-first heap   total 405504K, used 263351K [0x0000000080000000, 0x0000000100000000)
  region size 1024K, 2 young (2048K), 2 survivors (2048K)
 Metaspace       used 151270K, committed 152832K, reserved 622592K
  class space    used 20380K, committed 21120K, reserved 425984K
}
Event: 129.188 GC heap before
{Heap before GC invocations=82 (full 0):
 garbage-first heap   total 405504K, used 354487K [0x0000000080000000, 0x0000000100000000)
  region size 1024K, 91 young (93184K), 2 survivors (2048K)
 Metaspace       used 151317K, committed 152896K, reserved 622592K
  class space    used 20380K, committed 21120K, reserved 425984K
}
Event: 129.192 GC heap after
{Heap after GC invocations=83 (full 0):
 garbage-first heap   total 405504K, used 263775K [0x0000000080000000, 0x0000000100000000)
  region size 1024K, 3 young (3072K), 3 survivors (3072K)
 Metaspace       used 151317K, committed 152896K, reserved 622592K
  class space    used 20380K, committed 21120K, reserved 425984K
}
Event: 130.321 GC heap before
{Heap before GC invocations=83 (full 0):
 garbage-first heap   total 405504K, used 355935K [0x0000000080000000, 0x0000000100000000)
  region size 1024K, 93 young (95232K), 3 survivors (3072K)
 Metaspace       used 151404K, committed 152960K, reserved 622592K
  class space    used 20388K, committed 21120K, reserved 425984K
}
Event: 130.326 GC heap after
{Heap after GC invocations=84 (full 0):
 garbage-first heap   total 405504K, used 264747K [0x0000000080000000, 0x0000000100000000)
  region size 1024K, 4 young (4096K), 4 survivors (4096K)
 Metaspace       used 151404K, committed 152960K, reserved 622592K
  class space    used 20388K, committed 21120K, reserved 425984K
}
Event: 131.651 GC heap before
{Heap before GC invocations=84 (full 0):
 garbage-first heap   total 405504K, used 356907K [0x0000000080000000, 0x0000000100000000)
  region size 1024K, 94 young (96256K), 4 survivors (4096K)
 Metaspace       used 151674K, committed 153216K, reserved 622592K
  class space    used 20397K, committed 21120K, reserved 425984K
}
Event: 131.656 GC heap after
{Heap after GC invocations=85 (full 0):
 garbage-first heap   total 405504K, used 268486K [0x0000000080000000, 0x0000000100000000)
  region size 1024K, 7 young (7168K), 7 survivors (7168K)
 Metaspace       used 151674K, committed 153216K, reserved 622592K
  class space    used 20397K, committed 21120K, reserved 425984K
}

